[33mWARNING[0m:  [27-02-2025 13:31:02] chroma_server_nofile is not supported on Windows. chroma_server_nofile will not be set.
[32mINFO[0m:     [27-02-2025 13:31:02] Anonymized telemetry enabled. See                     https://docs.trychroma.com/telemetry for more information.
[36mDEBUG[0m:    [27-02-2025 13:31:02] Starting component System
[36mDEBUG[0m:    [27-02-2025 13:31:02] Starting component OpenTelemetryClient
[36mDEBUG[0m:    [27-02-2025 13:31:02] Starting component Posthog
[36mDEBUG[0m:    [27-02-2025 13:31:02] Starting component SimpleQuotaEnforcer
[36mDEBUG[0m:    [27-02-2025 13:31:02] Starting component FastAPI
[36mDEBUG[0m:    [27-02-2025 13:31:02] Starting component SimpleAsyncRateLimitEnforcer
[32mINFO[0m:     [27-02-2025 13:31:02] Started server process [[36m7288[0m]
[32mINFO[0m:     [27-02-2025 13:31:02] Waiting for application startup.
[32mINFO[0m:     [27-02-2025 13:31:02] Application startup complete.
[31mERROR[0m:    [27-02-2025 13:31:02] [Errno 10048] error while attempting to bind on address ('127.0.0.1', 8000): only one usage of each socket address (protocol/network address/port) is normally permitted
[32mINFO[0m:     [27-02-2025 13:31:02] Waiting for application shutdown.
[36mDEBUG[0m:    [27-02-2025 13:31:02] Stopping component System
[36mDEBUG[0m:    [27-02-2025 13:31:02] Stopping component FastAPI
[36mDEBUG[0m:    [27-02-2025 13:31:02] Stopping component SimpleAsyncRateLimitEnforcer
[36mDEBUG[0m:    [27-02-2025 13:31:02] Stopping component SimpleQuotaEnforcer
[36mDEBUG[0m:    [27-02-2025 13:31:02] Stopping component Posthog
[36mDEBUG[0m:    [27-02-2025 13:31:02] Stopping component OpenTelemetryClient
[32mINFO[0m:     [27-02-2025 13:31:02] Application shutdown complete.
[33mWARNING[0m:  [27-02-2025 13:31:19] chroma_server_nofile is not supported on Windows. chroma_server_nofile will not be set.
[32mINFO[0m:     [27-02-2025 13:31:20] Anonymized telemetry enabled. See                     https://docs.trychroma.com/telemetry for more information.
[36mDEBUG[0m:    [27-02-2025 13:31:20] Starting component System
[36mDEBUG[0m:    [27-02-2025 13:31:20] Starting component OpenTelemetryClient
[36mDEBUG[0m:    [27-02-2025 13:31:20] Starting component Posthog
[36mDEBUG[0m:    [27-02-2025 13:31:20] Starting component SimpleQuotaEnforcer
[36mDEBUG[0m:    [27-02-2025 13:31:20] Starting component FastAPI
[36mDEBUG[0m:    [27-02-2025 13:31:20] Starting component SimpleAsyncRateLimitEnforcer
[32mINFO[0m:     [27-02-2025 13:31:20] Started server process [[36m18084[0m]
[32mINFO[0m:     [27-02-2025 13:31:20] Waiting for application startup.
[32mINFO[0m:     [27-02-2025 13:31:20] Application startup complete.
[32mINFO[0m:     [27-02-2025 13:31:20] Uvicorn running on [1mhttp://localhost:8000[0m (Press CTRL+C to quit)
[32mINFO[0m:     [27-02-2025 13:33:11] Shutting down
[32mINFO[0m:     [27-02-2025 13:33:11] Waiting for application shutdown.
[36mDEBUG[0m:    [27-02-2025 13:33:11] Stopping component System
[36mDEBUG[0m:    [27-02-2025 13:33:11] Stopping component FastAPI
[36mDEBUG[0m:    [27-02-2025 13:33:11] Stopping component SimpleAsyncRateLimitEnforcer
[36mDEBUG[0m:    [27-02-2025 13:33:11] Stopping component SimpleQuotaEnforcer
[36mDEBUG[0m:    [27-02-2025 13:33:11] Stopping component Posthog
[36mDEBUG[0m:    [27-02-2025 13:33:11] Stopping component OpenTelemetryClient
[32mINFO[0m:     [27-02-2025 13:33:11] Application shutdown complete.
[32mINFO[0m:     [27-02-2025 13:33:11] Finished server process [[36m18084[0m]
[33mWARNING[0m:  [27-02-2025 14:01:48] chroma_server_nofile is not supported on Windows. chroma_server_nofile will not be set.
[32mINFO[0m:     [27-02-2025 14:01:48] Anonymized telemetry enabled. See                     https://docs.trychroma.com/telemetry for more information.
[36mDEBUG[0m:    [27-02-2025 14:01:48] Starting component System
[36mDEBUG[0m:    [27-02-2025 14:01:48] Starting component OpenTelemetryClient
[36mDEBUG[0m:    [27-02-2025 14:01:48] Starting component Posthog
[36mDEBUG[0m:    [27-02-2025 14:01:48] Starting component SimpleQuotaEnforcer
[36mDEBUG[0m:    [27-02-2025 14:01:48] Starting component FastAPI
[36mDEBUG[0m:    [27-02-2025 14:01:48] Starting component SimpleAsyncRateLimitEnforcer
[32mINFO[0m:     [27-02-2025 14:01:48] Started server process [[36m21136[0m]
[32mINFO[0m:     [27-02-2025 14:01:48] Waiting for application startup.
[32mINFO[0m:     [27-02-2025 14:01:48] Application startup complete.
[32mINFO[0m:     [27-02-2025 14:01:48] Uvicorn running on [1mhttp://localhost:8000[0m (Press CTRL+C to quit)
[32mINFO[0m:     [27-02-2025 14:16:53] ::1:51550 - "GET /api/v2/auth/identity HTTP/1.1" 200
[32mINFO[0m:     [27-02-2025 14:19:39] ::1:51625 - "GET /api/v2/auth/identity HTTP/1.1" 200
[32mINFO[0m:     [27-02-2025 14:23:36] ::1:51636 - "GET /api/v2/auth/identity HTTP/1.1" 200
[32mINFO[0m:     [27-02-2025 14:25:45] ::1:51675 - "GET /api/v2/auth/identity HTTP/1.1" 200
[32mINFO[0m:     [27-02-2025 14:26:48] Shutting down
[32mINFO[0m:     [27-02-2025 14:26:48] Waiting for connections to close. (CTRL+C to force quit)
